
*** Running ngdbuild
    with args -intstyle ise -p xc6slx45tfgg484-3 -dd _ngo -uc hwcosim_top.ucf hwcosim_top.edf


Command Line:
/home/diego/EDA/Xilinx/ISE/14.7/ISE_DS/ISE/bin/lin64/unwrapped/ngdbuild
-intstyle ise -p xc6slx45tfgg484-3 -dd _ngo -uc hwcosim_top.ucf hwcosim_top.edf

Executing edif2ngd -quiet "hwcosim_top.edf" "_ngo/hwcosim_top.ngo"
Release 14.7 - edif2ngd P.20131013 (lin64)
Copyright (c) 1995-2013 Xilinx, Inc.  All rights reserved.
Reading NGO file
"/home/diego/Documents/Finalized/examples/noise_removal/netlist/hwcosim/noise_re
moval_cw.runs/impl_1/_ngo/hwcosim_top.ngo" ...
Gathering constraint information from source properties...
Done.

Annotating constraints to design from ucf file "hwcosim_top.ucf" ...
WARNING:NgdBuild - The value of SIM_DEVICE on instance
   'cosim_core_inst/serial_iface/din_fifo/genblk1.RAM.blockram/genblk0.MEM[0].ge
   nerate_v4ramb16.BRAM' of type RAMB16BWER has been changed from 'SPARTAN3ADSP'
   to 'SPARTAN6' to correct post-ngdbuild and timing simulation for this
   primitive.  In order for functional simulation to be correct, the value of
   SIM_DEVICE should be changed in this same manner in the source netlist or
   constraint file.
WARNING:NgdBuild - The value of SIM_DEVICE on instance
   'cosim_core_inst/serial_iface/dout_fifo/genblk1.RAM.blockram/genblk0.MEM[0].g
   enerate_v4ramb16.BRAM' of type RAMB16BWER has been changed from
   'SPARTAN3ADSP' to 'SPARTAN6' to correct post-ngdbuild and timing simulation
   for this primitive.  In order for functional simulation to be correct, the
   value of SIM_DEVICE should be changed in this same manner in the source
   netlist or constraint file.
Resolving constraint associations...
Checking Constraint Associations...


Done...

Checking expanded design ...
WARNING:NgdBuild:440 - FF primitive
   'hwcif/hwcosim_dut_inst/noise_removal_x0/fir_compiler_5_0/fr_cmplr_v5_0_97510
   5ecba5a1562_instance/blk00000003/blk00000004/blk00002884' has unconnected
   output pin
WARNING:NgdBuild:440 - FF primitive
   'hwcif/hwcosim_dut_inst/noise_removal_x0/fir_compiler_5_0/fr_cmplr_v5_0_97510
   5ecba5a1562_instance/blk00000003/blk00000004/blk00002885' has unconnected
   output pin
WARNING:NgdBuild:440 - FF primitive
   'hwcif/hwcosim_dut_inst/noise_removal_x0/fir_compiler_5_0/fr_cmplr_v5_0_97510
   5ecba5a1562_instance/blk00000003/blk00000004/blk00002886' has unconnected
   output pin
WARNING:NgdBuild:440 - FF primitive
   'hwcif/hwcosim_dut_inst/noise_removal_x0/fir_compiler_5_0/fr_cmplr_v5_0_97510
   5ecba5a1562_instance/blk00000003/blk00000004/blk00002887' has unconnected
   output pin
WARNING:NgdBuild:443 - SFF primitive
   'hwcif/hwcosim_dut_inst/default_clock_driver_noise_removal_x0/xlclockdriver_1
   /clr_reg/has_latency.fd_array[1].reg_comp_1/fd_prim_array[0].rst_comp.fdre_co
   mp' has unconnected output pin
WARNING:NgdBuild:452 - logical net
   'hwcif/hwcosim_dut_inst/noise_removal_x0/fir_compiler_5_0/fr_cmplr_v5_0_97510
   5ecba5a1562_instance/blk00000003/sig00000021' has no driver
WARNING:NgdBuild:452 - logical net
   'hwcif/hwcosim_dut_inst/noise_removal_x0/fir_compiler_5_0/fr_cmplr_v5_0_97510
   5ecba5a1562_instance/blk00000003/sig00000025' has no driver
WARNING:NgdBuild:452 - logical net
   'hwcif/hwcosim_dut_inst/noise_removal_x0/fir_compiler_5_0/fr_cmplr_v5_0_97510
   5ecba5a1562_instance/blk00000003/sig00000001' has no driver
WARNING:NgdBuild:452 - logical net
   'hwcif/hwcosim_dut_inst/noise_removal_x0/fir_compiler_5_0/fr_cmplr_v5_0_97510
   5ecba5a1562_instance/blk00000003/sig00000002' has no driver
WARNING:NgdBuild:452 - logical net
   'hwcif/hwcosim_dut_inst/noise_removal_x0/fir_compiler_5_0/fr_cmplr_v5_0_97510
   5ecba5a1562_instance/blk00000003/sig00000003' has no driver
WARNING:NgdBuild:452 - logical net
   'hwcif/hwcosim_dut_inst/noise_removal_x0/fir_compiler_5_0/fr_cmplr_v5_0_97510
   5ecba5a1562_instance/blk00000003/sig00000004' has no driver
WARNING:NgdBuild:452 - logical net
   'hwcif/hwcosim_dut_inst/noise_removal_x0/fir_compiler_5_0/fr_cmplr_v5_0_97510
   5ecba5a1562_instance/blk00000003/sig00000005' has no driver
WARNING:NgdBuild:452 - logical net
   'hwcif/hwcosim_dut_inst/noise_removal_x0/fir_compiler_5_0/fr_cmplr_v5_0_97510
   5ecba5a1562_instance/blk00000003/sig00000006' has no driver
WARNING:NgdBuild:452 - logical net
   'hwcif/hwcosim_dut_inst/noise_removal_x0/fir_compiler_5_0/fr_cmplr_v5_0_97510
   5ecba5a1562_instance/blk00000003/sig00000007' has no driver
WARNING:NgdBuild:452 - logical net
   'hwcif/hwcosim_dut_inst/noise_removal_x0/fir_compiler_5_0/fr_cmplr_v5_0_97510
   5ecba5a1562_instance/blk00000003/sig00000008' has no driver
WARNING:NgdBuild:452 - logical net
   'hwcif/hwcosim_dut_inst/noise_removal_x0/fir_compiler_5_0/fr_cmplr_v5_0_97510
   5ecba5a1562_instance/blk00000003/sig00000009' has no driver
WARNING:NgdBuild:452 - logical net
   'hwcif/hwcosim_dut_inst/noise_removal_x0/fir_compiler_5_0/fr_cmplr_v5_0_97510
   5ecba5a1562_instance/blk00000003/sig0000000a' has no driver
WARNING:NgdBuild:452 - logical net
   'hwcif/hwcosim_dut_inst/noise_removal_x0/fir_compiler_5_0/fr_cmplr_v5_0_97510
   5ecba5a1562_instance/blk00000003/sig0000000b' has no driver
WARNING:NgdBuild:452 - logical net
   'hwcif/hwcosim_dut_inst/noise_removal_x0/fir_compiler_5_0/fr_cmplr_v5_0_97510
   5ecba5a1562_instance/blk00000003/sig0000000c' has no driver
WARNING:NgdBuild:452 - logical net
   'hwcif/hwcosim_dut_inst/noise_removal_x0/fir_compiler_5_0/fr_cmplr_v5_0_97510
   5ecba5a1562_instance/blk00000003/sig0000000d' has no driver
WARNING:NgdBuild:452 - logical net
   'hwcif/hwcosim_dut_inst/noise_removal_x0/fir_compiler_5_0/fr_cmplr_v5_0_97510
   5ecba5a1562_instance/blk00000003/sig0000000e' has no driver
WARNING:NgdBuild:452 - logical net
   'hwcif/hwcosim_dut_inst/noise_removal_x0/fir_compiler_5_0/fr_cmplr_v5_0_97510
   5ecba5a1562_instance/blk00000003/sig0000000f' has no driver
WARNING:NgdBuild:452 - logical net
   'hwcif/hwcosim_dut_inst/noise_removal_x0/fir_compiler_5_0/fr_cmplr_v5_0_97510
   5ecba5a1562_instance/blk00000003/sig00000010' has no driver
WARNING:NgdBuild:452 - logical net
   'hwcif/hwcosim_dut_inst/noise_removal_x0/fir_compiler_5_0/fr_cmplr_v5_0_97510
   5ecba5a1562_instance/blk00000003/sig00000024' has no driver

Partition Implementation Status
-------------------------------

  No Partitions were found in this design.

-------------------------------

NGDBUILD Design Results Summary:
  Number of errors:     0
  Number of warnings:  26

Writing NGD file "hwcosim_top.ngd" ...
Total REAL time to NGDBUILD completion:  9 sec
Total CPU time to NGDBUILD completion:   3 sec

Writing NGDBUILD log file "hwcosim_top.bld"...

NGDBUILD done.

*** Running map
    with args -intstyle pa -w -pr b hwcosim_top.ngd

Using target part "6slx45tfgg484-3".
Mapping design into LUTs...
Running directed packing...
Running delay-based LUT packing...
Updating timing models...
INFO:Map:215 - The Interim Design Summary has been generated in the MAP Report
   (.mrp).
Running timing-driven placement...
Total REAL time at the beginning of Placer: 10 secs 
Total CPU  time at the beginning of Placer: 8 secs 

Phase 1.1  Initial Placement Analysis
Phase 1.1  Initial Placement Analysis (Checksum:9ef71495) REAL time: 12 secs 

Phase 2.7  Design Feasibility Check
Phase 2.7  Design Feasibility Check (Checksum:9ef71495) REAL time: 12 secs 

Phase 3.31  Local Placement Optimization
Phase 3.31  Local Placement Optimization (Checksum:91998555) REAL time: 12 secs 

Phase 4.2  Initial Placement for Architecture Specific Features

Phase 4.2  Initial Placement for Architecture Specific Features
(Checksum:c2c9cb3e) REAL time: 16 secs 

Phase 5.36  Local Placement Optimization
Phase 5.36  Local Placement Optimization (Checksum:c2c9cb3e) REAL time: 16 secs 

Phase 6.30  Global Clock Region Assignment
Phase 6.30  Global Clock Region Assignment (Checksum:c2c9cb3e) REAL time: 16 secs 

Phase 7.3  Local Placement Optimization
Phase 7.3  Local Placement Optimization (Checksum:c2c9cb3e) REAL time: 16 secs 

Phase 8.5  Local Placement Optimization
Phase 8.5  Local Placement Optimization (Checksum:c2c9cb3e) REAL time: 16 secs 

Phase 9.8  Global Placement
................................................
............................
Phase 9.8  Global Placement (Checksum:5ab6f9e2) REAL time: 23 secs 

Phase 10.5  Local Placement Optimization
Phase 10.5  Local Placement Optimization (Checksum:5ab6f9e2) REAL time: 23 secs 

Phase 11.18  Placement Optimization
Phase 11.18  Placement Optimization (Checksum:47b5e8c) REAL time: 47 secs 

Phase 12.5  Local Placement Optimization
Phase 12.5  Local Placement Optimization (Checksum:47b5e8c) REAL time: 47 secs 

Phase 13.34  Placement Validation
Phase 13.34  Placement Validation (Checksum:98d17516) REAL time: 47 secs 

Total REAL time to Placer completion: 50 secs 
Total CPU  time to Placer completion: 47 secs 
Running post-placement packing...
Writing output files...

Design Summary:
Number of errors:      0
Number of warnings:    0
Slice Logic Utilization:
  Number of Slice Registers:                 4,159 out of  54,576    7%
    Number used as Flip Flops:               4,159
    Number used as Latches:                      0
    Number used as Latch-thrus:                  0
    Number used as AND/OR logics:                0
  Number of Slice LUTs:                      3,656 out of  27,288   13%
    Number used as logic:                    3,375 out of  27,288   12%
      Number using O6 output only:           3,201
      Number using O5 output only:              65
      Number using O5 and O6:                  109
      Number used as ROM:                        0
    Number used as Memory:                       9 out of   6,408    1%
      Number used as Dual Port RAM:              0
      Number used as Single Port RAM:            0
      Number used as Shift Register:             9
        Number using O6 output only:             1
        Number using O5 output only:             0
        Number using O5 and O6:                  8
    Number used exclusively as route-thrus:    272
      Number with same-slice register load:    266
      Number with same-slice carry load:         5
      Number with other load:                    1

Slice Logic Distribution:
  Number of occupied Slices:                 1,137 out of   6,822   16%
  Number of MUXCYs used:                     2,080 out of  13,644   15%
  Number of LUT Flip Flop pairs used:        3,884
    Number with an unused Flip Flop:           114 out of   3,884    2%
    Number with an unused LUT:                 228 out of   3,884    5%
    Number of fully used LUT-FF pairs:       3,542 out of   3,884   91%
    Number of unique control sets:              26
    Number of slice register sites lost
      to control set restrictions:              64 out of  54,576    1%

  A LUT Flip Flop pair for this architecture represents one LUT paired with
  one Flip Flop within a slice.  A control set is a unique combination of
  clock, reset, set, and enable signals for a registered element.
  The Slice Logic Distribution report is not meaningful if the design is
  over-mapped for a non-slice resource or if Placement fails.

IO Utilization:
  Number of bonded IOBs:                         2 out of     296    1%
    Number of LOCed IOBs:                        2 out of       2  100%

Specific Feature Utilization:
  Number of RAMB16BWERs:                         2 out of     116    1%
  Number of RAMB8BWERs:                          0 out of     232    0%
  Number of BUFIO2/BUFIO2_2CLKs:                 1 out of      32    3%
    Number used as BUFIO2s:                      1
    Number used as BUFIO2_2CLKs:                 0
  Number of BUFIO2FB/BUFIO2FB_2CLKs:             1 out of      32    3%
    Number used as BUFIO2FBs:                    1
    Number used as BUFIO2FB_2CLKs:               0
  Number of BUFG/BUFGMUXs:                       5 out of      16   31%
    Number used as BUFGs:                        2
    Number used as BUFGMUX:                      3
  Number of DCM/DCM_CLKGENs:                     1 out of       8   12%
    Number used as DCMs:                         1
    Number used as DCM_CLKGENs:                  0
  Number of ILOGIC2/ISERDES2s:                   0 out of     376    0%
  Number of IODELAY2/IODRP2/IODRP2_MCBs:         0 out of     376    0%
  Number of OLOGIC2/OSERDES2s:                   0 out of     376    0%
  Number of BSCANs:                              1 out of       4   25%
  Number of BUFHs:                               0 out of     256    0%
  Number of BUFPLLs:                             0 out of       8    0%
  Number of BUFPLL_MCBs:                         0 out of       4    0%
  Number of DSP48A1s:                            0 out of      58    0%
  Number of GTPA1_DUALs:                         0 out of       2    0%
  Number of ICAPs:                               0 out of       1    0%
  Number of MCBs:                                0 out of       2    0%
  Number of PCIE_A1s:                            0 out of       1    0%
  Number of PCILOGICSEs:                         0 out of       2    0%
  Number of PLL_ADVs:                            0 out of       4    0%
  Number of PMVs:                                0 out of       1    0%
  Number of STARTUPs:                            0 out of       1    0%
  Number of SUSPEND_SYNCs:                       0 out of       1    0%

Average Fanout of Non-Clock Nets:                2.82

Peak Memory Usage:  958 MB
Total REAL time to MAP completion:  51 secs 
Total CPU time to MAP completion:   49 secs 

Mapping completed.
See MAP report file "hwcosim_top.mrp" for details.

*** Running par
    with args -intstyle pa hwcosim_top.ncd -w hwcosim_top_routed.ncd -ol high -xe n




Constraints file: hwcosim_top.pcf.
Loading device for application Rf_Device from file '6slx45t.nph' in environment
/home/diego/EDA/Xilinx/ISE/14.7/ISE_DS/ISE/.
   "hwcosim_top" is an NCD, version 3.2, device xc6slx45t, package fgg484, speed -3

Initializing temperature to 85.000 Celsius. (default - Range: 0.000 to 85.000 Celsius)
Initializing voltage to 1.140 Volts. (default - Range: 1.140 to 1.260 Volts)


Device speed data version:  "PRODUCTION 1.23 2013-10-13".


WARNING:Par:251 - Map -timing was run with a lower effort level setting than you are using for PAR.  Xilinx recommends that you rerun Map
   -timing with the effort level that you have set in PAR to achieve better design performance.


Device Utilization Summary:

Slice Logic Utilization:
  Number of Slice Registers:                 4,159 out of  54,576    7%
    Number used as Flip Flops:               4,159
    Number used as Latches:                      0
    Number used as Latch-thrus:                  0
    Number used as AND/OR logics:                0
  Number of Slice LUTs:                      3,656 out of  27,288   13%
    Number used as logic:                    3,375 out of  27,288   12%
      Number using O6 output only:           3,201
      Number using O5 output only:              65
      Number using O5 and O6:                  109
      Number used as ROM:                        0
    Number used as Memory:                       9 out of   6,408    1%
      Number used as Dual Port RAM:              0
      Number used as Single Port RAM:            0
      Number used as Shift Register:             9
        Number using O6 output only:             1
        Number using O5 output only:             0
        Number using O5 and O6:                  8
    Number used exclusively as route-thrus:    272
      Number with same-slice register load:    266
      Number with same-slice carry load:         5
      Number with other load:                    1

Slice Logic Distribution:
  Number of occupied Slices:                 1,137 out of   6,822   16%
  Number of MUXCYs used:                     2,080 out of  13,644   15%
  Number of LUT Flip Flop pairs used:        3,884
    Number with an unused Flip Flop:           114 out of   3,884    2%
    Number with an unused LUT:                 228 out of   3,884    5%
    Number of fully used LUT-FF pairs:       3,542 out of   3,884   91%
    Number of slice register sites lost
      to control set restrictions:               0 out of  54,576    0%

  A LUT Flip Flop pair for this architecture represents one LUT paired with
  one Flip Flop within a slice.  A control set is a unique combination of
  clock, reset, set, and enable signals for a registered element.
  The Slice Logic Distribution report is not meaningful if the design is
  over-mapped for a non-slice resource or if Placement fails.

IO Utilization:
  Number of bonded IOBs:                         2 out of     296    1%
    Number of LOCed IOBs:                        2 out of       2  100%

Specific Feature Utilization:
  Number of RAMB16BWERs:                         2 out of     116    1%
  Number of RAMB8BWERs:                          0 out of     232    0%
  Number of BUFIO2/BUFIO2_2CLKs:                 1 out of      32    3%
    Number used as BUFIO2s:                      1
    Number used as BUFIO2_2CLKs:                 0
  Number of BUFIO2FB/BUFIO2FB_2CLKs:             1 out of      32    3%
    Number used as BUFIO2FBs:                    1
    Number used as BUFIO2FB_2CLKs:               0
  Number of BUFG/BUFGMUXs:                       5 out of      16   31%
    Number used as BUFGs:                        2
    Number used as BUFGMUX:                      3
  Number of DCM/DCM_CLKGENs:                     1 out of       8   12%
    Number used as DCMs:                         1
    Number used as DCM_CLKGENs:                  0
  Number of ILOGIC2/ISERDES2s:                   0 out of     376    0%
  Number of IODELAY2/IODRP2/IODRP2_MCBs:         0 out of     376    0%
  Number of OLOGIC2/OSERDES2s:                   0 out of     376    0%
  Number of BSCANs:                              1 out of       4   25%
  Number of BUFHs:                               0 out of     256    0%
  Number of BUFPLLs:                             0 out of       8    0%
  Number of BUFPLL_MCBs:                         0 out of       4    0%
  Number of DSP48A1s:                            0 out of      58    0%
  Number of GTPA1_DUALs:                         0 out of       2    0%
  Number of ICAPs:                               0 out of       1    0%
  Number of MCBs:                                0 out of       2    0%
  Number of PCIE_A1s:                            0 out of       1    0%
  Number of PCILOGICSEs:                         0 out of       2    0%
  Number of PLL_ADVs:                            0 out of       4    0%
  Number of PMVs:                                0 out of       1    0%
  Number of STARTUPs:                            0 out of       1    0%
  Number of SUSPEND_SYNCs:                       0 out of       1    0%


Overall effort level (-ol):   High 
Router effort level (-rl):    High 

INFO:Timing:3386 - Intersecting Constraints found and resolved.  For more information, see the TSI report.  Please consult the Xilinx
   Command Line Tools User Guide for information on generating a TSI report.
Starting initial Timing Analysis.  REAL time: 5 secs 
Finished initial Timing Analysis.  REAL time: 5 secs 

Starting Router


Phase  1  : 13828 unrouted;      REAL time: 6 secs 

Phase  2  : 12246 unrouted;      REAL time: 11 secs 

Phase  3  : 3068 unrouted;      REAL time: 16 secs 

Phase  4  : 3068 unrouted; (Setup:0, Hold:0, Component Switching Limit:0)     REAL time: 17 secs 

Updating file: hwcosim_top_routed.ncd with current fully routed design.

Phase  5  : 0 unrouted; (Setup:0, Hold:0, Component Switching Limit:0)     REAL time: 22 secs 

Phase  6  : 0 unrouted; (Setup:0, Hold:0, Component Switching Limit:0)     REAL time: 22 secs 

Phase  7  : 0 unrouted; (Setup:0, Hold:0, Component Switching Limit:0)     REAL time: 22 secs 

Phase  8  : 0 unrouted; (Setup:0, Hold:0, Component Switching Limit:0)     REAL time: 22 secs 

Phase  9  : 0 unrouted; (Setup:0, Hold:0, Component Switching Limit:0)     REAL time: 22 secs 

Phase 10  : 0 unrouted; (Setup:0, Hold:0, Component Switching Limit:0)     REAL time: 23 secs 
Total REAL time to Router completion: 23 secs 
Total CPU time to Router completion: 22 secs 

Partition Implementation Status
-------------------------------

  No Partitions were found in this design.

-------------------------------

Generating "PAR" statistics.

**************************
Generating Clock Report
**************************

+---------------------+--------------+------+------+------------+-------------+
|        Clock Net    |   Resource   |Locked|Fanout|Net Skew(ns)|Max Delay(ns)|
+---------------------+--------------+------+------+------------+-------------+
|  hwcosim_dut_ss_clk | BUFGMUX_X2Y12| No   |  989 |  0.064     |  1.280      |
+---------------------+--------------+------+------+------------+-------------+
|  hwcosim_dut_fr_clk | BUFGMUX_X3Y13| No   |   71 |  0.060     |  1.273      |
+---------------------+--------------+------+------+------------+-------------+
|cosim_core_inst/drck |              |      |      |            |             |
|                     |  BUFGMUX_X2Y4| No   |   40 |  0.027     |  1.240      |
+---------------------+--------------+------+------+------------+-------------+

* Net Skew is the difference between the minimum and maximum routing
only delays for the net. Note this is different from Clock Skew which
is reported in TRCE timing report. Clock Skew is the difference between
the minimum and maximum path delays which includes logic delays.

* The fanout is the number of component pins not the individual BEL loads,
for example SLICE loads not FF loads.

Timing Score: 0 (Setup: 0, Hold: 0, Component Switching Limit: 0)

Number of Timing Constraints that were not applied: 1

Asterisk (*) preceding a constraint indicates it was not met.
   This may be due to a setup or hold violation.

----------------------------------------------------------------------------------------------------------
  Constraint                                |    Check    | Worst Case |  Best Case | Timing |   Timing   
                                            |             |    Slack   | Achievable | Errors |    Score   
----------------------------------------------------------------------------------------------------------
  TS_hwcosim_sys_clk = PERIOD TIMEGRP "T_hw | MINPERIOD   |     1.430ns|     3.570ns|       0|           0
  cosim_sys_clk" 5 ns HIGH 50%              |             |            |            |        |            
----------------------------------------------------------------------------------------------------------
  TS_hwcosim_clkgen_dcm_clkfx = PERIOD TIME | SETUP       |     7.348ns|     7.652ns|       0|           0
  GRP "hwcosim_clkgen_dcm_clkfx"         TS | HOLD        |     0.076ns|            |       0|           0
  _hwcosim_sys_clk / 0.333333333 HIGH 50%   |             |            |            |        |            
----------------------------------------------------------------------------------------------------------
  TS_J_TO_U = MAXDELAY FROM TIMEGRP "J_CLK" | SETUP       |    12.129ns|     2.871ns|       0|           0
   TO TIMEGRP "U_CLK" 15 ns                 | HOLD        |     0.393ns|            |       0|           0
----------------------------------------------------------------------------------------------------------
  NET "cosim_core_inst/drck" PERIOD = 30 ns | SETUP       |    21.475ns|     8.525ns|       0|           0
   HIGH 50%                                 | HOLD        |     0.263ns|            |       0|           0
----------------------------------------------------------------------------------------------------------


Derived Constraint Report
Review Timing Report for more details on the following derived constraints.
To create a Timing Report, run "trce -v 12 -fastpaths -o design_timing_report design.ncd design.pcf"
or "Run Timing Analysis" from Timing Analyzer (timingan).
Derived Constraints for TS_hwcosim_sys_clk
+-------------------------------+-------------+-------------+-------------+-------------+-------------+-------------+-------------+
|                               |   Period    |       Actual Period       |      Timing Errors        |      Paths Analyzed       |
|           Constraint          | Requirement |-------------+-------------|-------------+-------------|-------------+-------------|
|                               |             |   Direct    | Derivative  |   Direct    | Derivative  |   Direct    | Derivative  |
+-------------------------------+-------------+-------------+-------------+-------------+-------------+-------------+-------------+
|TS_hwcosim_sys_clk             |      5.000ns|      3.570ns|      2.551ns|            0|            0|            0|        78864|
| TS_hwcosim_clkgen_dcm_clkfx   |     15.000ns|      7.652ns|          N/A|            0|            0|        78864|            0|
+-------------------------------+-------------+-------------+-------------+-------------+-------------+-------------+-------------+

All constraints were met.


Generating Pad Report.

All signals are completely routed.

Total REAL time to PAR completion: 24 secs 
Total CPU time to PAR completion: 23 secs 

Peak Memory Usage:  812 MB

Placer: Placement generated during map.
Routing: Completed - No errors found.
Timing: Completed - No errors found.

Number of error messages: 0
Number of warning messages: 1
Number of info messages: 1

Writing design to file hwcosim_top_routed.ncd



PAR done!

*** Running trce
    with args -intstyle ise -o hwcosim_top.twr -v 30 -l 30 hwcosim_top_routed.ncd hwcosim_top.pcf

Loading device for application Rf_Device from file '6slx45t.nph' in environment
/home/diego/EDA/Xilinx/ISE/14.7/ISE_DS/ISE/.
   "hwcosim_top" is an NCD, version 3.2, device xc6slx45t, package fgg484, speed
-3

Analysis completed Sun Jan 15 00:31:23 2017
--------------------------------------------------------------------------------

Generating Report ...

Number of warnings: 0
Total time: 5 secs 

*** Running xdl
    with args -secure -ncd2xdl -nopips hwcosim_top_routed.ncd hwcosim_top_routed.xdl

Release 14.7 - xdl P.20131013 (lin64)
Copyright (c) 1995-2013 Xilinx, Inc.  All rights reserved.

WARNING:XDL:213 - The resulting xdl output will not have LUT equation strings or RAM INIT strings.
Loading device for application Rf_Device from file '6slx45t.nph' in environment /home/diego/EDA/Xilinx/ISE/14.7/ISE_DS/ISE/.
   "hwcosim_top" is an NCD, version 3.2, device xc6slx45t, package fgg484, speed -3
Successfully converted design 'hwcosim_top_routed.ncd' to 'hwcosim_top_routed.xdl'.

*** Running bitgen
    with args hwcosim_top_routed.ncd hwcosim_top.bit hwcosim_top.pcf -g StartUpClk:JtagClk -w -intstyle pa

INFO:PhysDesignRules:1861 - To achieve optimal frequency synthesis performance
   with the CLKFX and CLKFX180 outputs of the DCM comp hwcosim_clkgen_dcm,
   consult the device Data Sheet.
