--------------------------------- Version Log ----------------------------------
Version                                 Path
System Generator                        /home/diego/EDA/Xilinx/ISE/14.7/ISE_DS/ISE/sysgen
Matlab 8.1.0.604 (R2013a)               /home/diego/EDA/matlab/R2013a
ISE                                     /home/diego/EDA/Xilinx/ISE/14.7/ISE_DS/ISE
--------------------------------------------------------------------------------
Summary of Errors:
Error 0001: caught standard exception
     Block: Unspecified
Error 0002: Internal Error
     Block: 'sobel_t/SobelFilter_imp/Sobel X'
--------------------------------------------------------------------------------

Error 0001:

Reported by:
  Unspecified

Details:
standard exception: XNetlistEngine:
Exception message could not be parsed:
com.xilinx.sysgen.netlist.NetlistInternal: couldn't open first
pass text file at
/tmp/xlisimxwQCnl/sysgen/masterScript7583442074262037991.pl line 718'

--------------------------------------------------------------------------------

Error 0001:

Reported by:
  'sobel_t/SobelFilter_imp/Sobel X'

Details:
An internal error occurred in the Xilinx Blockset Library.

Please report this error to Xilinx (http://support.xilinx.com),
in as much detail as possible. You may also find immediate help
in the Answers Database and other online resources at http://support.xilinx.com.


Error occurred during "Simulation Initialization".

--------------------------------------------------------------------------------
