Release 14.7 - ngc2edif P.20131013 (lin64)
Copyright (c) 1995-2013 Xilinx, Inc.  All rights reserved.
Reading design hwcosim_top.ngc ...
WARNING:NetListWriters:298 - No output is written to hwcosim_top.xncf, ignored.
Processing design ...
   Preping design's networks ...
   Preping design's macros ...
  finished :Prep
Writing EDIF netlist file hwcosim_top.edif ...
ngc2edif: Total memory usage is 107556 kilobytes

Release 14.7 - ngc2edif P.20131013 (lin64)
Copyright (c) 1995-2013 Xilinx, Inc.  All rights reserved.
Reading design addsb_11_0_ba165a98660a6463.ngc ...
WARNING:NetListWriters:298 - No output is written to
   addsb_11_0_ba165a98660a6463.xncf, ignored.
Processing design ...
   Preping design's networks ...
   Preping design's macros ...
  finished :Prep
Writing EDIF netlist file addsb_11_0_ba165a98660a6463.edif ...
ngc2edif: Total memory usage is 105880 kilobytes

Release 14.7 - ngc2edif P.20131013 (lin64)
Copyright (c) 1995-2013 Xilinx, Inc.  All rights reserved.
Reading design cmlt_11_2_a8cda2c4d6ade386.ngc ...
WARNING:NetListWriters:298 - No output is written to
   cmlt_11_2_a8cda2c4d6ade386.xncf, ignored.
Processing design ...
   Preping design's networks ...
   Preping design's macros ...
  finished :Prep
Writing EDIF netlist file cmlt_11_2_a8cda2c4d6ade386.edif ...
ngc2edif: Total memory usage is 105944 kilobytes

Release 14.7 - ngc2edif P.20131013 (lin64)
Copyright (c) 1995-2013 Xilinx, Inc.  All rights reserved.
Reading design cmlt_11_2_ef11385c78568766.ngc ...
WARNING:NetListWriters:298 - No output is written to
   cmlt_11_2_ef11385c78568766.xncf, ignored.
Processing design ...
   Preping design's networks ...
   Preping design's macros ...
  finished :Prep
Writing EDIF netlist file cmlt_11_2_ef11385c78568766.edif ...
ngc2edif: Total memory usage is 105892 kilobytes

Release 14.7 - ngc2edif P.20131013 (lin64)
Copyright (c) 1995-2013 Xilinx, Inc.  All rights reserved.
Reading design cmlt_11_2_a680687b7f91c37b.ngc ...
WARNING:NetListWriters:298 - No output is written to
   cmlt_11_2_a680687b7f91c37b.xncf, ignored.
Processing design ...
   Preping design's networks ...
   Preping design's macros ...
  finished :Prep
Writing EDIF netlist file cmlt_11_2_a680687b7f91c37b.edif ...
ngc2edif: Total memory usage is 105916 kilobytes

Release 14.7 - ngc2edif P.20131013 (lin64)
Copyright (c) 1995-2013 Xilinx, Inc.  All rights reserved.
Reading design addsb_11_0_856b46edf5fd2c9b.ngc ...
WARNING:NetListWriters:298 - No output is written to
   addsb_11_0_856b46edf5fd2c9b.xncf, ignored.
Processing design ...
   Preping design's networks ...
   Preping design's macros ...
  finished :Prep
Writing EDIF netlist file addsb_11_0_856b46edf5fd2c9b.edif ...
ngc2edif: Total memory usage is 105876 kilobytes

Release 14.7 - ngc2edif P.20131013 (lin64)
Copyright (c) 1995-2013 Xilinx, Inc.  All rights reserved.
Reading design fr_cmplr_v5_0_3273d736a853206c.ngc ...
WARNING:NetListWriters:298 - No output is written to
   fr_cmplr_v5_0_3273d736a853206c.xncf, ignored.
Processing design ...
   Preping design's networks ...
   Preping design's macros ...
  finished :Prep
Writing EDIF netlist file fr_cmplr_v5_0_3273d736a853206c.edif ...
ngc2edif: Total memory usage is 108476 kilobytes

Release 14.7 - ngc2edif P.20131013 (lin64)
Copyright (c) 1995-2013 Xilinx, Inc.  All rights reserved.
Reading design fr_cmplr_v5_0_b6abdcad38a718af.ngc ...
WARNING:NetListWriters:298 - No output is written to
   fr_cmplr_v5_0_b6abdcad38a718af.xncf, ignored.
Processing design ...
   Preping design's networks ...
   Preping design's macros ...
  finished :Prep
Writing EDIF netlist file fr_cmplr_v5_0_b6abdcad38a718af.edif ...
ngc2edif: Total memory usage is 108480 kilobytes

Release 14.7 - ngc2edif P.20131013 (lin64)
Copyright (c) 1995-2013 Xilinx, Inc.  All rights reserved.
Reading design addsb_11_0_29dfa978383111a1.ngc ...
WARNING:NetListWriters:298 - No output is written to
   addsb_11_0_29dfa978383111a1.xncf, ignored.
Processing design ...
   Preping design's networks ...
   Preping design's macros ...
  finished :Prep
Writing EDIF netlist file addsb_11_0_29dfa978383111a1.edif ...
ngc2edif: Total memory usage is 105916 kilobytes

Release 14.7 - ngc2edif P.20131013 (lin64)
Copyright (c) 1995-2013 Xilinx, Inc.  All rights reserved.
Reading design xlpersistentdff.ngc ...
WARNING:NetListWriters:298 - No output is written to xlpersistentdff.xncf,
   ignored.
Processing design ...
   Preping design's networks ...
   Preping design's macros ...
  finished :Prep
Writing EDIF netlist file xlpersistentdff.edif ...
ngc2edif: Total memory usage is 105304 kilobytes

Release 14.7 - ngc2edif P.20131013 (lin64)
Copyright (c) 1995-2013 Xilinx, Inc.  All rights reserved.
Reading design jtagcosim_iface_spartan6.ngc ...
Processing design ...
   Preping design's networks ...
   Preping design's macros ...
  finished :Prep
Writing EDIF netlist file jtagcosim_iface_spartan6.edif ...
ngc2edif: Total memory usage is 108304 kilobytes

