Release 14.7 - ngc2edif P.20131013 (lin64)
Copyright (c) 1995-2013 Xilinx, Inc.  All rights reserved.
Reading design hwcosim_top.ngc ...
WARNING:NetListWriters:298 - No output is written to hwcosim_top.xncf, ignored.
Processing design ...
   Preping design's networks ...
   Preping design's macros ...
  finished :Prep
Writing EDIF netlist file hwcosim_top.edif ...
ngc2edif: Total memory usage is 114296 kilobytes

Release 14.7 - ngc2edif P.20131013 (lin64)
Copyright (c) 1995-2013 Xilinx, Inc.  All rights reserved.
Reading design fr_cmplr_v5_0_975105ecba5a1562.ngc ...
WARNING:NetListWriters:298 - No output is written to
   fr_cmplr_v5_0_975105ecba5a1562.xncf, ignored.
Processing design ...
   Preping design's networks ...
   Preping design's macros ...
  finished :Prep
Writing EDIF netlist file fr_cmplr_v5_0_975105ecba5a1562.edif ...
ngc2edif: Total memory usage is 131308 kilobytes

Release 14.7 - ngc2edif P.20131013 (lin64)
Copyright (c) 1995-2013 Xilinx, Inc.  All rights reserved.
Reading design xlpersistentdff.ngc ...
WARNING:NetListWriters:298 - No output is written to xlpersistentdff.xncf,
   ignored.
Processing design ...
   Preping design's networks ...
   Preping design's macros ...
  finished :Prep
Writing EDIF netlist file xlpersistentdff.edif ...
ngc2edif: Total memory usage is 113640 kilobytes

Release 14.7 - ngc2edif P.20131013 (lin64)
Copyright (c) 1995-2013 Xilinx, Inc.  All rights reserved.
Reading design jtagcosim_iface_spartan6.ngc ...
Processing design ...
   Preping design's networks ...
   Preping design's macros ...
  finished :Prep
Writing EDIF netlist file jtagcosim_iface_spartan6.edif ...
ngc2edif: Total memory usage is 116644 kilobytes

