Release 14.7 - ngc2edif P.20131013 (lin64)
Copyright (c) 1995-2013 Xilinx, Inc.  All rights reserved.
Reading design ac97cmd.ngc ...
WARNING:NetListWriters:298 - No output is written to ac97cmd.xncf, ignored.
Processing design ...
   Preping design's networks ...
   Preping design's macros ...
  finished :Prep
Writing EDIF netlist file ac97cmd.edif ...
ngc2edif: Total memory usage is 113708 kilobytes

Release 14.7 - ngc2edif P.20131013 (lin64)
Copyright (c) 1995-2013 Xilinx, Inc.  All rights reserved.
Reading design ac97.ngc ...
WARNING:NetListWriters:298 - No output is written to ac97.xncf, ignored.
Processing design ...
   Preping design's networks ...
   Preping design's macros ...
WARNING:NetListWriters:306 - Signal bus latch_cmd_addr[19 : 0] on block ac97 is
   not reconstructed, because there are some missing bus signals.
  finished :Prep
Writing EDIF netlist file ac97.edif ...
ngc2edif: Total memory usage is 114328 kilobytes

Release 14.7 - ngc2edif P.20131013 (lin64)
Copyright (c) 1995-2013 Xilinx, Inc.  All rights reserved.
Reading design ac97cmd.ngc ...
WARNING:NetListWriters:298 - No output is written to ac97cmd.xncf, ignored.
Processing design ...
   Preping design's networks ...
   Preping design's macros ...
  finished :Prep
Writing EDIF netlist file ac97cmd.edif ...
ngc2edif: Total memory usage is 113748 kilobytes

Release 14.7 - ngc2edif P.20131013 (lin64)
Copyright (c) 1995-2013 Xilinx, Inc.  All rights reserved.
Reading design ac97.ngc ...
WARNING:NetListWriters:298 - No output is written to ac97.xncf, ignored.
Processing design ...
   Preping design's networks ...
   Preping design's macros ...
WARNING:NetListWriters:306 - Signal bus latch_cmd_addr[19 : 0] on block ac97 is
   not reconstructed, because there are some missing bus signals.
  finished :Prep
Writing EDIF netlist file ac97.edif ...
ngc2edif: Total memory usage is 114328 kilobytes

Release 14.7 - ngc2edif P.20131013 (lin64)
Copyright (c) 1995-2013 Xilinx, Inc.  All rights reserved.
Reading design ac97cmd.ngc ...
WARNING:NetListWriters:298 - No output is written to ac97cmd.xncf, ignored.
Processing design ...
   Preping design's networks ...
   Preping design's macros ...
  finished :Prep
Writing EDIF netlist file ac97cmd.edif ...
ngc2edif: Total memory usage is 113748 kilobytes

Release 14.7 - ngc2edif P.20131013 (lin64)
Copyright (c) 1995-2013 Xilinx, Inc.  All rights reserved.
Reading design ac97.ngc ...
WARNING:NetListWriters:298 - No output is written to ac97.xncf, ignored.
Processing design ...
   Preping design's networks ...
   Preping design's macros ...
WARNING:NetListWriters:306 - Signal bus latch_cmd_addr[19 : 0] on block ac97 is
   not reconstructed, because there are some missing bus signals.
  finished :Prep
Writing EDIF netlist file ac97.edif ...
ngc2edif: Total memory usage is 114332 kilobytes

Release 14.7 - ngc2edif P.20131013 (lin64)
Copyright (c) 1995-2013 Xilinx, Inc.  All rights reserved.
Reading design ac97cmd.ngc ...
WARNING:NetListWriters:298 - No output is written to ac97cmd.xncf, ignored.
Processing design ...
   Preping design's networks ...
   Preping design's macros ...
  finished :Prep
Writing EDIF netlist file ac97cmd.edif ...
ngc2edif: Total memory usage is 113740 kilobytes

Release 14.7 - ngc2edif P.20131013 (lin64)
Copyright (c) 1995-2013 Xilinx, Inc.  All rights reserved.
Reading design ac97.ngc ...
WARNING:NetListWriters:298 - No output is written to ac97.xncf, ignored.
Processing design ...
   Preping design's networks ...
   Preping design's macros ...
WARNING:NetListWriters:306 - Signal bus latch_cmd_addr[19 : 0] on block ac97 is
   not reconstructed, because there are some missing bus signals.
  finished :Prep
Writing EDIF netlist file ac97.edif ...
ngc2edif: Total memory usage is 114332 kilobytes

Release 14.7 - ngc2edif P.20131013 (lin64)
Copyright (c) 1995-2013 Xilinx, Inc.  All rights reserved.
Reading design ac97cmd.ngc ...
WARNING:NetListWriters:298 - No output is written to ac97cmd.xncf, ignored.
Processing design ...
   Preping design's networks ...
   Preping design's macros ...
  finished :Prep
Writing EDIF netlist file ac97cmd.edif ...
ngc2edif: Total memory usage is 113744 kilobytes

Release 14.7 - ngc2edif P.20131013 (lin64)
Copyright (c) 1995-2013 Xilinx, Inc.  All rights reserved.
Reading design ac97.ngc ...
WARNING:NetListWriters:298 - No output is written to ac97.xncf, ignored.
Processing design ...
   Preping design's networks ...
   Preping design's macros ...
WARNING:NetListWriters:306 - Signal bus latch_cmd_addr[19 : 0] on block ac97 is
   not reconstructed, because there are some missing bus signals.
  finished :Prep
Writing EDIF netlist file ac97.edif ...
ngc2edif: Total memory usage is 114328 kilobytes

Release 14.7 - ngc2edif P.20131013 (lin64)
Copyright (c) 1995-2013 Xilinx, Inc.  All rights reserved.
Reading design ac97cmd.ngc ...
WARNING:NetListWriters:298 - No output is written to ac97cmd.xncf, ignored.
Processing design ...
   Preping design's networks ...
   Preping design's macros ...
  finished :Prep
Writing EDIF netlist file ac97cmd.edif ...
ngc2edif: Total memory usage is 113740 kilobytes

Release 14.7 - ngc2edif P.20131013 (lin64)
Copyright (c) 1995-2013 Xilinx, Inc.  All rights reserved.
Reading design ac97.ngc ...
WARNING:NetListWriters:298 - No output is written to ac97.xncf, ignored.
Processing design ...
   Preping design's networks ...
   Preping design's macros ...
WARNING:NetListWriters:306 - Signal bus latch_cmd_addr[19 : 0] on block ac97 is
   not reconstructed, because there are some missing bus signals.
  finished :Prep
Writing EDIF netlist file ac97.edif ...
ngc2edif: Total memory usage is 114328 kilobytes

Release 14.7 - ngc2edif P.20131013 (lin64)
Copyright (c) 1995-2013 Xilinx, Inc.  All rights reserved.
Reading design ac97cmd.ngc ...
WARNING:NetListWriters:298 - No output is written to ac97cmd.xncf, ignored.
Processing design ...
   Preping design's networks ...
   Preping design's macros ...
  finished :Prep
Writing EDIF netlist file ac97cmd.edif ...
ngc2edif: Total memory usage is 113740 kilobytes

Release 14.7 - ngc2edif P.20131013 (lin64)
Copyright (c) 1995-2013 Xilinx, Inc.  All rights reserved.
Reading design ac97.ngc ...
WARNING:NetListWriters:298 - No output is written to ac97.xncf, ignored.
Processing design ...
   Preping design's networks ...
   Preping design's macros ...
WARNING:NetListWriters:306 - Signal bus latch_cmd_addr[19 : 0] on block ac97 is
   not reconstructed, because there are some missing bus signals.
  finished :Prep
Writing EDIF netlist file ac97.edif ...
ngc2edif: Total memory usage is 114336 kilobytes

Release 14.7 - ngc2edif P.20131013 (lin64)
Copyright (c) 1995-2013 Xilinx, Inc.  All rights reserved.
Reading design ac97cmd.ngc ...
WARNING:NetListWriters:298 - No output is written to ac97cmd.xncf, ignored.
Processing design ...
   Preping design's networks ...
   Preping design's macros ...
  finished :Prep
Writing EDIF netlist file ac97cmd.edif ...
ngc2edif: Total memory usage is 113744 kilobytes

Release 14.7 - ngc2edif P.20131013 (lin64)
Copyright (c) 1995-2013 Xilinx, Inc.  All rights reserved.
Reading design ac97.ngc ...
WARNING:NetListWriters:298 - No output is written to ac97.xncf, ignored.
Processing design ...
   Preping design's networks ...
   Preping design's macros ...
WARNING:NetListWriters:306 - Signal bus latch_cmd_addr[19 : 0] on block ac97 is
   not reconstructed, because there are some missing bus signals.
  finished :Prep
Writing EDIF netlist file ac97.edif ...
ngc2edif: Total memory usage is 114332 kilobytes

Release 14.7 - ngc2edif P.20131013 (lin64)
Copyright (c) 1995-2013 Xilinx, Inc.  All rights reserved.
Reading design ac97.ngc ...
WARNING:NetListWriters:298 - No output is written to ac97.xncf, ignored.
Processing design ...
   Preping design's networks ...
   Preping design's macros ...
WARNING:NetListWriters:306 - Signal bus latch_cmd_addr[19 : 0] on block ac97 is
   not reconstructed, because there are some missing bus signals.
  finished :Prep
Writing EDIF netlist file ac97.edif ...
ngc2edif: Total memory usage is 114332 kilobytes

Release 14.7 - ngc2edif P.20131013 (lin64)
Copyright (c) 1995-2013 Xilinx, Inc.  All rights reserved.
Reading design ac97.ngc ...
WARNING:NetListWriters:298 - No output is written to ac97.xncf, ignored.
Processing design ...
   Preping design's networks ...
   Preping design's macros ...
WARNING:NetListWriters:306 - Signal bus latch_cmd_addr[19 : 0] on block ac97 is
   not reconstructed, because there are some missing bus signals.
  finished :Prep
Writing EDIF netlist file ac97.edif ...
ngc2edif: Total memory usage is 114332 kilobytes

Release 14.7 - ngc2edif P.20131013 (lin64)
Copyright (c) 1995-2013 Xilinx, Inc.  All rights reserved.
Reading design ac97cmd.ngc ...
WARNING:NetListWriters:298 - No output is written to ac97cmd.xncf, ignored.
Processing design ...
   Preping design's networks ...
   Preping design's macros ...
  finished :Prep
Writing EDIF netlist file ac97cmd.edif ...
ngc2edif: Total memory usage is 113740 kilobytes

Release 14.7 - ngc2edif P.20131013 (lin64)
Copyright (c) 1995-2013 Xilinx, Inc.  All rights reserved.
Reading design ac97.ngc ...
WARNING:NetListWriters:298 - No output is written to ac97.xncf, ignored.
Processing design ...
   Preping design's networks ...
   Preping design's macros ...
WARNING:NetListWriters:306 - Signal bus latch_cmd_addr[19 : 0] on block ac97 is
   not reconstructed, because there are some missing bus signals.
  finished :Prep
Writing EDIF netlist file ac97.edif ...
ngc2edif: Total memory usage is 114332 kilobytes

Release 14.7 - ngc2edif P.20131013 (lin64)
Copyright (c) 1995-2013 Xilinx, Inc.  All rights reserved.
Reading design ac97cmd.ngc ...
WARNING:NetListWriters:298 - No output is written to ac97cmd.xncf, ignored.
Processing design ...
   Preping design's networks ...
   Preping design's macros ...
  finished :Prep
Writing EDIF netlist file ac97cmd.edif ...
ngc2edif: Total memory usage is 113740 kilobytes

Release 14.7 - ngc2edif P.20131013 (lin64)
Copyright (c) 1995-2013 Xilinx, Inc.  All rights reserved.
Reading design ac97.ngc ...
WARNING:NetListWriters:298 - No output is written to ac97.xncf, ignored.
Processing design ...
   Preping design's networks ...
   Preping design's macros ...
WARNING:NetListWriters:306 - Signal bus latch_cmd_addr[19 : 0] on block ac97 is
   not reconstructed, because there are some missing bus signals.
  finished :Prep
Writing EDIF netlist file ac97.edif ...
ngc2edif: Total memory usage is 114328 kilobytes

Release 14.7 - ngc2edif P.20131013 (lin64)
Copyright (c) 1995-2013 Xilinx, Inc.  All rights reserved.
Reading design rt_audio_controller.ngc ...
WARNING:NetListWriters:298 - No output is written to rt_audio_controller.xncf,
   ignored.
Processing design ...
   Preping design's networks ...
   Preping design's macros ...
  finished :Prep
Writing EDIF netlist file rt_audio_controller.edif ...
ngc2edif: Total memory usage is 113716 kilobytes

Release 14.7 - ngc2edif P.20131013 (lin64)
Copyright (c) 1995-2013 Xilinx, Inc.  All rights reserved.
Reading design ac97cmd.ngc ...
WARNING:NetListWriters:298 - No output is written to ac97cmd.xncf, ignored.
Processing design ...
   Preping design's networks ...
   Preping design's macros ...
  finished :Prep
Writing EDIF netlist file ac97cmd.edif ...
ngc2edif: Total memory usage is 113744 kilobytes

Release 14.7 - ngc2edif P.20131013 (lin64)
Copyright (c) 1995-2013 Xilinx, Inc.  All rights reserved.
Reading design ac97.ngc ...
WARNING:NetListWriters:298 - No output is written to ac97.xncf, ignored.
Processing design ...
   Preping design's networks ...
   Preping design's macros ...
WARNING:NetListWriters:306 - Signal bus latch_cmd_addr[19 : 0] on block ac97 is
   not reconstructed, because there are some missing bus signals.
  finished :Prep
Writing EDIF netlist file ac97.edif ...
ngc2edif: Total memory usage is 114328 kilobytes

Release 14.7 - ngc2edif P.20131013 (lin64)
Copyright (c) 1995-2013 Xilinx, Inc.  All rights reserved.
Reading design rt_audio_controller.ngc ...
WARNING:NetListWriters:298 - No output is written to rt_audio_controller.xncf,
   ignored.
Processing design ...
   Preping design's networks ...
   Preping design's macros ...
  finished :Prep
Writing EDIF netlist file rt_audio_controller.edif ...
ngc2edif: Total memory usage is 113720 kilobytes

Release 14.7 - ngc2edif P.20131013 (lin64)
Copyright (c) 1995-2013 Xilinx, Inc.  All rights reserved.
Reading design rt_audio_controller.ngc ...
WARNING:NetListWriters:298 - No output is written to rt_audio_controller.xncf,
   ignored.
Processing design ...
   Preping design's networks ...
   Preping design's macros ...
  finished :Prep
Writing EDIF netlist file rt_audio_controller.edif ...
ngc2edif: Total memory usage is 113724 kilobytes

Release 14.7 - ngc2edif P.20131013 (lin64)
Copyright (c) 1995-2013 Xilinx, Inc.  All rights reserved.
Reading design rt_audio_controller.ngc ...
WARNING:NetListWriters:298 - No output is written to rt_audio_controller.xncf,
   ignored.
Processing design ...
   Preping design's networks ...
   Preping design's macros ...
  finished :Prep
Writing EDIF netlist file rt_audio_controller.edif ...
ngc2edif: Total memory usage is 113724 kilobytes

Release 14.7 - ngc2edif P.20131013 (lin64)
Copyright (c) 1995-2013 Xilinx, Inc.  All rights reserved.
Reading design ac97cmd.ngc ...
WARNING:NetListWriters:298 - No output is written to ac97cmd.xncf, ignored.
Processing design ...
   Preping design's networks ...
   Preping design's macros ...
  finished :Prep
Writing EDIF netlist file ac97cmd.edif ...
ngc2edif: Total memory usage is 113740 kilobytes

Release 14.7 - ngc2edif P.20131013 (lin64)
Copyright (c) 1995-2013 Xilinx, Inc.  All rights reserved.
Reading design rt_audio_controller.ngc ...
WARNING:NetListWriters:298 - No output is written to rt_audio_controller.xncf,
   ignored.
Processing design ...
   Preping design's networks ...
   Preping design's macros ...
  finished :Prep
Writing EDIF netlist file rt_audio_controller.edif ...
ngc2edif: Total memory usage is 113720 kilobytes

Release 14.7 - ngc2edif P.20131013 (lin64)
Copyright (c) 1995-2013 Xilinx, Inc.  All rights reserved.
Reading design rt_audio_controller.ngc ...
WARNING:NetListWriters:298 - No output is written to rt_audio_controller.xncf,
   ignored.
Processing design ...
   Preping design's networks ...
   Preping design's macros ...
  finished :Prep
Writing EDIF netlist file rt_audio_controller.edif ...
ngc2edif: Total memory usage is 113716 kilobytes

Release 14.7 - ngc2edif P.20131013 (lin64)
Copyright (c) 1995-2013 Xilinx, Inc.  All rights reserved.
Reading design ac97.ngc ...
WARNING:NetListWriters:298 - No output is written to ac97.xncf, ignored.
Processing design ...
   Preping design's networks ...
   Preping design's macros ...
WARNING:NetListWriters:306 - Signal bus latch_cmd_addr[19 : 0] on block ac97 is
   not reconstructed, because there are some missing bus signals.
  finished :Prep
Writing EDIF netlist file ac97.edif ...
ngc2edif: Total memory usage is 114328 kilobytes

Release 14.7 - ngc2edif P.20131013 (lin64)
Copyright (c) 1995-2013 Xilinx, Inc.  All rights reserved.
Reading design rt_audio_controller.ngc ...
WARNING:NetListWriters:298 - No output is written to rt_audio_controller.xncf,
   ignored.
Processing design ...
   Preping design's networks ...
   Preping design's macros ...
  finished :Prep
Writing EDIF netlist file rt_audio_controller.edif ...
ngc2edif: Total memory usage is 113720 kilobytes

Release 14.7 - ngc2edif P.20131013 (lin64)
Copyright (c) 1995-2013 Xilinx, Inc.  All rights reserved.
Reading design rt_audio_controller.ngc ...
WARNING:NetListWriters:298 - No output is written to rt_audio_controller.xncf,
   ignored.
Processing design ...
   Preping design's networks ...
   Preping design's macros ...
  finished :Prep
Writing EDIF netlist file rt_audio_controller.edif ...
ngc2edif: Total memory usage is 113716 kilobytes

Release 14.7 - ngc2edif P.20131013 (lin64)
Copyright (c) 1995-2013 Xilinx, Inc.  All rights reserved.
Reading design rt_audio_controller.ngc ...
WARNING:NetListWriters:298 - No output is written to rt_audio_controller.xncf,
   ignored.
Processing design ...
   Preping design's networks ...
   Preping design's macros ...
  finished :Prep
Writing EDIF netlist file rt_audio_controller.edif ...
ngc2edif: Total memory usage is 113716 kilobytes

Release 14.7 - ngc2edif P.20131013 (lin64)
Copyright (c) 1995-2013 Xilinx, Inc.  All rights reserved.
Reading design rt_audio_controller.ngc ...
WARNING:NetListWriters:298 - No output is written to rt_audio_controller.xncf,
   ignored.
Processing design ...
   Preping design's networks ...
   Preping design's macros ...
  finished :Prep
Writing EDIF netlist file rt_audio_controller.edif ...
ngc2edif: Total memory usage is 113720 kilobytes

